#
# There is insufficient memory for the Java Runtime Environment to continue.
# Native memory allocation (mmap) failed to map 532676608 bytes for Failed to commit area from 0x0000000604600000 to 0x0000000624200000 of length 532676608.
# Possible reasons:
#   The system is out of physical RAM or swap space
#   The process is running with CompressedOops enabled, and the Java Heap may be blocking the growth of the native heap
# Possible solutions:
#   Reduce memory load on the system
#   Increase physical memory or swap space
#   Check if swap backing store is full
#   Decrease Java heap size (-Xmx/-Xms)
#   Decrease number of Java threads
#   Decrease Java thread stack sizes (-Xss)
#   Set larger code cache with -XX:ReservedCodeCacheSize=
# This output file may be truncated or incomplete.
#
#  Out of Memory Error (./src/hotspot/os/windows/os_windows.cpp:3303), pid=16240, tid=18072
#
# JRE version:  (11.0.8+10) (build )
# Java VM: OpenJDK 64-Bit Server VM (11.0.8+10-b944.6842174, mixed mode, sharing, tiered, compressed oops, g1 gc, windows-amd64)
# No core dump will be written. Minidumps are not enabled by default on client versions of Windows
#

---------------  S U M M A R Y ------------

Command Line: org.jetbrains.git4idea.http.GitAskPassApp Username for 'https://github.com': 

Host: Intel(R) Core(TM) i7-10610U CPU @ 1.80GHz, 8 cores, 31G,  Windows 10 , 64 bit Build 19041 (10.0.19041.1023)
Time: Mon Jul 12 14:03:49 2021 Pacific Daylight Time elapsed time: 0 seconds (0d 0h 0m 0s)

---------------  T H R E A D  ---------------

Current thread (0x00000174a4a2b000):  JavaThread "Unknown thread" [_thread_in_vm, id=18072, stack(0x00000011e0000000,0x00000011e0100000)]

Stack: [0x00000011e0000000,0x00000011e0100000]
Native frames: (J=compiled Java code, j=interpreted, Vv=VM code, C=native code)
V  [jvm.dll+0x5de50a]
V  [jvm.dll+0x7122f5]
V  [jvm.dll+0x71384d]
V  [jvm.dll+0x713f03]
V  [jvm.dll+0x23e728]
V  [jvm.dll+0x5db9a4]
V  [jvm.dll+0x5d0ae5]
V  [jvm.dll+0x2fb20b]
V  [jvm.dll+0x2fb17a]
V  [jvm.dll+0x2fb052]
V  [jvm.dll+0x2fff16]
V  [jvm.dll+0x348743]
V  [jvm.dll+0x348e46]
V  [jvm.dll+0x348843]
V  [jvm.dll+0x2d5d68]
V  [jvm.dll+0x2d6f07]
V  [jvm.dll+0x6f11f7]
V  [jvm.dll+0x6f29ec]
V  [jvm.dll+0x355cb9]
V  [jvm.dll+0x6d4ade]
V  [jvm.dll+0x3bdfe3]
V  [jvm.dll+0x3c0201]
C  [jli.dll+0x5373]
C  [ucrtbase.dll+0x21bb2]
C  [KERNEL32.DLL+0x17034]
C  [ntdll.dll+0x52651]


---------------  P R O C E S S  ---------------

Threads class SMR info:
_java_thread_list=0x00000174a27d0d80, length=0, elements={
}

Java Threads: ( => current thread )

Other Threads:
  0x00000174a4a42000 GCTaskThread "GC Thread#0" [stack: 0x00000011e0100000,0x00000011e0200000] [id=4732]
  0x00000174a4ac4800 ConcurrentGCThread "G1 Main Marker" [stack: 0x00000011e0200000,0x00000011e0300000] [id=29692]
  0x00000174a4ac6800 ConcurrentGCThread "G1 Conc#0" [stack: 0x00000011e0300000,0x00000011e0400000] [id=25636]

[error occurred during error reporting (printing all threads), id 0xc0000005, EXCEPTION_ACCESS_VIOLATION (0xc0000005) at pc=0x00007ffe0ec66357]

VM state:not at safepoint (not fully initialized)

VM Mutex/Monitor currently owned by a thread:  ([mutex/lock_event])
[0x00000174a4a26fe0] Heap_lock - owner thread: 0x00000174a4a2b000

Heap address: 0x0000000604600000, size: 8122 MB, Compressed Oops mode: Non-zero based: 0x0000000604600000
Narrow klass base: 0x0000000000000000, Narrow klass shift: 0

GC Heap History (0 events):
No events

Deoptimization events (0 events):
No events

Classes redefined (0 events):
No events

Internal exceptions (0 events):
No events

Events (1 events):
Event: 0.007 Loaded shared library C:\Program Files\Android\Android Studio\jre\bin\zip.dll


Dynamic libraries:
0x00007ff636860000 - 0x00007ff63686a000 	C:\Program Files\Android\Android Studio\jre\bin\java.exe
0x00007ffe8de50000 - 0x00007ffe8e045000 	C:\Windows\SYSTEM32\ntdll.dll
0x00007ffe8c0c0000 - 0x00007ffe8c17d000 	C:\Windows\System32\KERNEL32.DLL
0x00007ffe8b9c0000 - 0x00007ffe8bc88000 	C:\Windows\System32\KERNELBASE.dll
0x00007ffe79650000 - 0x00007ffe79669000 	C:\Program Files\Android\Android Studio\jre\bin\jli.dll
0x00007ffe81720000 - 0x00007ffe81737000 	C:\Program Files\Android\Android Studio\jre\bin\VCRUNTIME140.dll
0x00007ffe8bcf0000 - 0x00007ffe8bdf0000 	C:\Windows\System32\ucrtbase.dll
0x00007ffe8d520000 - 0x00007ffe8d6c0000 	C:\Windows\System32\USER32.dll
0x00007ffe75760000 - 0x00007ffe759fa000 	C:\Windows\WinSxS\amd64_microsoft.windows.common-controls_6595b64144ccf1df_6.0.19041.1052_none_60b8f8fd71f5e8cb\COMCTL32.dll
0x00007ffe8be90000 - 0x00007ffe8beb2000 	C:\Windows\System32\win32u.dll
0x00007ffe8c6d0000 - 0x00007ffe8c76e000 	C:\Windows\System32\msvcrt.dll
0x00007ffe8dcf0000 - 0x00007ffe8dd1a000 	C:\Windows\System32\GDI32.dll
0x00007ffe8b6a0000 - 0x00007ffe8b7ab000 	C:\Windows\System32\gdi32full.dll
0x00007ffe8bdf0000 - 0x00007ffe8be8d000 	C:\Windows\System32\msvcp_win.dll
0x00007ffe8bff0000 - 0x00007ffe8c020000 	C:\Windows\System32\IMM32.DLL
0x00007ffe5c930000 - 0x00007ffe5c9cd000 	C:\Program Files\Android\Android Studio\jre\bin\msvcp140.dll
0x00007ffe0e980000 - 0x00007ffe0f43c000 	C:\Program Files\Android\Android Studio\jre\bin\server\jvm.dll
0x00007ffe8c610000 - 0x00007ffe8c6bc000 	C:\Windows\System32\ADVAPI32.dll
0x00007ffe8c020000 - 0x00007ffe8c0bb000 	C:\Windows\System32\sechost.dll
0x00007ffe8c190000 - 0x00007ffe8c2bb000 	C:\Windows\System32\RPCRT4.dll
0x00007ffe789e0000 - 0x00007ffe789ea000 	C:\Windows\SYSTEM32\VERSION.dll
0x00007ffe81870000 - 0x00007ffe81879000 	C:\Windows\SYSTEM32\WSOCK32.dll
0x00007ffe8c180000 - 0x00007ffe8c188000 	C:\Windows\System32\PSAPI.DLL
0x00007ffe73700000 - 0x00007ffe73727000 	C:\Windows\SYSTEM32\WINMM.dll
0x00007ffe8c2c0000 - 0x00007ffe8c32b000 	C:\Windows\System32\WS2_32.dll
0x00007ffe89510000 - 0x00007ffe89522000 	C:\Windows\SYSTEM32\kernel.appcore.dll
0x00007ffe81600000 - 0x00007ffe81611000 	C:\Program Files\Android\Android Studio\jre\bin\verify.dll
0x00007ffe892b0000 - 0x00007ffe89494000 	C:\Windows\SYSTEM32\DBGHELP.DLL
0x00007ffe6c550000 - 0x00007ffe6c57c000 	C:\Windows\SYSTEM32\dbgcore.DLL
0x00007ffe8b610000 - 0x00007ffe8b693000 	C:\Windows\System32\bcryptPrimitives.dll
0x00007ffe79310000 - 0x00007ffe79339000 	C:\Program Files\Android\Android Studio\jre\bin\java.dll
0x00007ffe816f0000 - 0x00007ffe816fb000 	C:\Program Files\Android\Android Studio\jre\bin\jimage.dll
0x00007ffe815e0000 - 0x00007ffe815f8000 	C:\Program Files\Android\Android Studio\jre\bin\zip.dll

dbghelp: loaded successfully - version: 4.0.5 - missing functions: none
symbol engine: initialized successfully - sym options: 0x614 - pdb path: .;C:\Program Files\Android\Android Studio\jre\bin;C:\Windows\SYSTEM32;C:\Windows\WinSxS\amd64_microsoft.windows.common-controls_6595b64144ccf1df_6.0.19041.1052_none_60b8f8fd71f5e8cb;C:\Program Files\Android\Android Studio\jre\bin\server

VM Arguments:
java_command: org.jetbrains.git4idea.http.GitAskPassApp Username for 'https://github.com': 
java_class_path (initial): C:/Program Files/Android/Android Studio/plugins/git4idea/lib/git4idea-rt.jar;C:/Program Files/Android/Android Studio/lib/xmlrpc-2.0.1.jar;C:/Program Files/Android/Android Studio/lib/commons-codec-1.14.jar
Launcher Type: SUN_STANDARD

[Global flags]
     intx CICompilerCount                          = 4                                         {product} {ergonomic}
     uint ConcGCThreads                            = 2                                         {product} {ergonomic}
     uint G1ConcRefinementThreads                  = 8                                         {product} {ergonomic}
   size_t G1HeapRegionSize                         = 2097152                                   {product} {ergonomic}
    uintx GCDrainStackTargetSize                   = 64                                        {product} {ergonomic}
   size_t InitialHeapSize                          = 532676608                                 {product} {ergonomic}
   size_t MarkStackSize                            = 4194304                                   {product} {ergonomic}
   size_t MaxHeapSize                              = 8516534272                                {product} {ergonomic}
   size_t MinHeapDeltaBytes                        = 2097152                                   {product} {ergonomic}
    uintx NonNMethodCodeHeapSize                   = 5836300                                {pd product} {ergonomic}
    uintx NonProfiledCodeHeapSize                  = 122910970                              {pd product} {ergonomic}
    uintx ProfiledCodeHeapSize                     = 122910970                              {pd product} {ergonomic}
    uintx ReservedCodeCacheSize                    = 251658240                              {pd product} {ergonomic}
     bool SegmentedCodeCache                       = true                                      {product} {ergonomic}
     bool UseCompressedClassPointers               = true                                 {lp64_product} {ergonomic}
     bool UseCompressedOops                        = true                                 {lp64_product} {ergonomic}
     bool UseG1GC                                  = true                                      {product} {ergonomic}
     bool UseLargePagesIndividualAllocation        = false                                  {pd product} {ergonomic}

Logging:
Log output configuration:
 #0: stdout all=warning uptime,level,tags
 #1: stderr all=off uptime,level,tags

Environment Variables:
PATH=C:\Program Files\Git\mingw64\libexec\git-core;C:\Program Files\Git\mingw64\libexec\git-core;C:\Program Files\Git\mingw64\bin;C:\Program Files\Git\usr\bin;C:\Users\kathchen\bin;C:\tools\biggrep;C:\tools\fbpython;C:\Python36;C:\Python38;C:\Python36\Scripts;C:\Python36;C:\Windows\system32;C:\Windows;C:\Windows\System32\Wbem;C:\Windows\System32\WindowsPowerShell\v1.0;C:\Windows\System32\OpenSSH;C:\ProgramData\chocolatey\bin;C:\tools\arcanist\bin;C:\Program Files\Git\cmd;C:\opscode\chef\bin;C:\tools\x2pagentd\bin;C:\opscode\inspec\bin;C:\Program Files\osquery;C:\tools\eden\bin;C:\tools\scm-telemetry;C:\tools\watchman;C:\Users\kathchen\AppData\Local\Microsoft\WindowsApps
USERNAME=kathchen
DISPLAY=:0.0
LC_ALL=en_US.UTF-8
OS=Windows_NT
PROCESSOR_IDENTIFIER=Intel64 Family 6 Model 142 Stepping 12, GenuineIntel



---------------  S Y S T E M  ---------------

OS: Windows 10 , 64 bit Build 19041 (10.0.19041.1023)
OS uptime: 6 days 5:56 hours
HyperV virtualization detected

CPU:total 8 (initial active 8) (4 cores per cpu, 2 threads per core) family 6 model 142 stepping 12, cmov, cx8, fxsr, mmx, sse, sse2, sse3, ssse3, sse4.1, sse4.2, popcnt, avx, avx2, aes, clmul, erms, 3dnowpref, lzcnt, ht, tsc, tscinvbit, bmi1, bmi2, adx, fma

Memory: 4k page, system-wide physical 32487M (7054M free)
TotalPageFile size 93458M (AvailPageFile size 299M)
current process WorkingSet (physical memory assigned to process): 10M, peak: 10M
current process commit charge ("private bytes"): 60M, peak: 568M

vm_info: OpenJDK 64-Bit Server VM (11.0.8+10-b944.6842174) for windows-amd64 JRE (11.0.8+10-b944.6842174), built on Sep 19 2020 01:11:42 by "builder" with MS VC++ 14.0 (VS2015)

END.
